0.001 70.2726 70.2726 70.2726 
0.00109649 76.4424 76.4424 76.4424 
0.00120229 83.0878 83.0878 83.0878 
0.00131829 90.2295 90.2295 90.2295 
0.00144549 97.8848 97.8848 97.8848 
0.00158497 106.067 106.067 106.067 
0.0017379 114.785 114.785 114.785 
0.00190558 124.04 124.04 124.04 
0.00208945 133.826 133.826 133.826 
0.00229106 144.129 144.129 144.129 
0.00251212 154.922 154.922 154.922 
0.00275451 166.168 166.168 166.168 
0.00302029 177.818 177.818 177.818 
0.00331171 189.805 189.805 189.805 
0.00363125 202.05 202.05 202.05 
0.00398162 214.457 214.457 214.457 
0.0043658 226.911 226.911 226.911 
0.00478705 239.281 239.281 239.281 
0.00524894 251.415 251.415 251.415 
0.00575541 263.142 263.142 263.142 
0.00631074 274.263 274.263 274.263 
0.00691965 284.556 284.556 284.556 
0.00758731 293.76 293.76 293.76 
0.0083194 301.58 301.58 301.58 
0.00912212 307.677 307.677 307.677 
0.0100023 311.68 311.68 311.68 
0.0109674 313.206 313.206 313.206 
0.0120256 311.918 311.918 311.918 
0.013186 307.607 307.607 307.607 
0.0144583 300.288 300.288 300.288 
0.0158533 290.251 290.251 290.251 
0.017383 278.032 278.032 278.032 
0.0190602 264.288 264.288 264.288 
0.0208993 249.643 249.643 249.643 
0.0229159 234.572 234.572 234.572 
0.025127 219.383 219.383 219.383 
0.0275514 204.248 204.248 204.248 
0.0302098 189.262 189.262 189.262 
0.0331247 174.493 174.493 174.493 
0.0363209 160.009 160.009 160.009 
0.0398254 145.89 145.89 145.89 
0.0436681 132.226 132.226 132.226 
0.0478815 119.112 119.112 119.112 
0.0525015 106.638 106.638 106.638 
0.0575673 94.8843 94.8843 94.8843 
0.0631219 83.9148 83.9148 83.9148 
0.0692124 73.7742 73.7742 73.7742 
0.0758906 64.4868 64.4868 64.4868 
0.0832132 56.0571 56.0571 56.0571 
0.0912423 48.4716 48.4716 48.4716 
0.100046 41.7014 41.7014 41.7014 
0.109699 35.7054 35.7054 35.7054 
0.120284 30.4335 30.4335 30.4335 
0.13189 25.8296 25.8296 25.8296 
0.144616 21.8342 21.8342 21.8342 
0.15857 18.3874 18.3874 18.3874 
0.17387 15.4298 15.4298 15.4298 
0.190646 12.9049 12.9049 12.9049 
0.209041 10.7593 10.7593 10.7593 
0.229211 8.94389 8.94389 8.94389 
0.251328 7.41407 7.41407 7.41407 
0.275578 6.12967 6.12967 6.12967 
0.302168 5.05508 5.05508 5.05508 
0.331323 4.15892 4.15892 4.15892 
0.363292 3.41385 3.41385 3.41385 
0.398346 2.79615 2.79615 2.79615 
0.436781 2.28545 2.28545 2.28545 
0.478926 1.86428 1.86428 1.86428 
0.525136 1.51779 1.51779 1.51779 
0.575806 1.2334 1.2334 1.2334 
0.631364 1.00051 1.00051 1.00051 
0.692284 0.810181 0.810181 0.810181 
0.759081 0.654964 0.654964 0.654964 
0.832323 0.528626 0.528626 0.528626 
0.912633 0.42599 0.42599 0.42599 
1.00069 0.342762 0.342762 0.342762 
1.09725 0.275389 0.275389 0.275389 
1.20312 0.220945 0.220945 0.220945 
1.3192 0.177021 0.177021 0.177021 
1.44649 0.141641 0.141641 0.141641 
1.58606 0.113186 0.113186 0.113186 
1.7391 0.0903345 0.0903345 0.0903345 
1.9069 0.07201 0.07201 0.07201 
2.09089 0.0573358 0.0573358 0.0573358 
2.29264 0.0456004 0.0456004 0.0456004 
2.51385 0.0362276 0.0362276 0.0362276 
2.75641 0.0287509 0.0287509 0.0287509 
3.02237 0.0227941 0.0227941 0.0227941 
3.314 0.0180537 0.0180537 0.0180537 
3.63376 0.0142855 0.0142855 0.0142855 
3.98437 0.0112934 0.0112934 0.0112934 
4.36882 0.00892013 0.00892013 0.00892013 
4.79036 0.00703951 0.00703951 0.00703951 
5.25257 0.00555077 0.00555077 0.00555077 
5.75938 0.00437336 0.00437336 0.00437336 
6.3151 0.00344303 0.00344303 0.00344303 
6.92443 0.00270857 0.00270857 0.00270857 
7.59256 0.00212923 0.00212923 0.00212923 
8.32515 0.00167263 0.00167263 0.00167263 
9.12843 0.00131306 0.00131306 0.00131306 
10.0092 0.0010301 0.0010301 0.0010301 
10.975 0.000807608 0.000807608 0.000807608 
12.0339 0.00063278 0.00063278 0.00063278 
13.1951 0.000495502 0.000495502 0.000495502 
14.4683 0.000387781 0.000387781 0.000387781 
15.8643 0.000303308 0.000303308 0.000303308 
17.395 0.000237107 0.000237107 0.000237107 
19.0734 0.000185257 0.000185257 0.000185257 
20.9138 0.000144672 0.000144672 0.000144672 
22.9317 0.000112922 0.000112922 0.000112922 
25.1443 8.80971e-05 8.80971e-05 8.80971e-05 
27.5705 6.86976e-05 6.86976e-05 6.86976e-05 
30.2307 5.35457e-05 5.35457e-05 5.35457e-05 
33.1476 4.17172e-05 4.17172e-05 4.17172e-05 
36.346 3.24877e-05 3.24877e-05 3.24877e-05 
39.8529 2.52896e-05 2.52896e-05 2.52896e-05 
43.6983 1.96783e-05 1.96783e-05 1.96783e-05 
47.9146 1.5306e-05 1.5306e-05 1.5306e-05 
52.5378 1.19006e-05 1.19006e-05 1.19006e-05 
57.6071 9.24941e-06 9.24941e-06 9.24941e-06 
63.1655 7.18622e-06 7.18622e-06 7.18622e-06 
69.2602 5.58126e-06 5.58126e-06 5.58126e-06 
75.9431 4.33326e-06 4.33326e-06 4.33326e-06 
83.2707 3.36318e-06 3.36318e-06 3.36318e-06 
91.3053 2.60941e-06 2.60941e-06 2.60941e-06 
100.115 2.02393e-06 2.02393e-06 2.02393e-06 
109.775 1.56933e-06 1.56933e-06 1.56933e-06 
120.367 1.21646e-06 1.21646e-06 1.21646e-06 
131.981 9.42656e-07 9.42656e-07 9.42656e-07 
144.716 7.30269e-07 7.30269e-07 7.30269e-07 
158.679 5.65573e-07 5.65573e-07 5.65573e-07 
173.99 4.37899e-07 4.37899e-07 4.37899e-07 
190.778 3.38955e-07 3.38955e-07 3.38955e-07 
209.186 2.62298e-07 2.62298e-07 2.62298e-07 
229.37 2.02925e-07 2.02925e-07 2.02925e-07 
251.501 1.56951e-07 1.56951e-07 1.56951e-07 
275.768 1.21363e-07 1.21363e-07 1.21363e-07 
302.377 9.38222e-08 9.38222e-08 9.38222e-08 
331.552 7.25137e-08 7.25137e-08 7.25137e-08 
363.543 5.60318e-08 5.60318e-08 5.60318e-08 
398.621 4.32862e-08 4.32862e-08 4.32862e-08 
437.083 3.34325e-08 3.34325e-08 3.34325e-08 
479.257 2.58162e-08 2.58162e-08 2.58162e-08 
525.499 1.99308e-08 1.99308e-08 1.99308e-08 
576.204 1.53839e-08 1.53839e-08 1.53839e-08 
631.801 1.18718e-08 1.18718e-08 1.18718e-08 
692.762 9.15974e-09 9.15974e-09 9.15974e-09 
759.605 7.06583e-09 7.06583e-09 7.06583e-09 
832.898 5.44953e-09 5.44953e-09 5.44953e-09 
913.263 4.20216e-09 4.20216e-09 4.20216e-09 
1001.38 3.23971e-09 3.23971e-09 3.23971e-09 
1098 2.49724e-09 2.49724e-09 2.49724e-09 
1203.95 1.92459e-09 1.92459e-09 1.92459e-09 
1320.12 1.48299e-09 1.48299e-09 1.48299e-09 
1447.49 1.14252e-09 1.14252e-09 1.14252e-09 
1587.16 8.80068e-10 8.80068e-10 8.80068e-10 
1740.3 6.77793e-10 6.77793e-10 6.77793e-10 
1908.22 5.21923e-10 5.21923e-10 5.21923e-10 
2092.34 4.01835e-10 4.01835e-10 4.01835e-10 
2294.23 3.09328e-10 3.09328e-10 3.09328e-10 
2515.59 2.38081e-10 2.38081e-10 2.38081e-10 
2758.32 1.83216e-10 1.83216e-10 1.83216e-10 
3024.46 1.40974e-10 1.40974e-10 1.40974e-10 
3316.29 1.08455e-10 1.08455e-10 1.08455e-10 
3636.27 8.34253e-11 8.34253e-11 8.34253e-11 
3987.13 6.4163e-11 6.4163e-11 6.4163e-11 
4371.84 4.93414e-11 4.93414e-11 4.93414e-11 
4793.67 3.79383e-11 3.79383e-11 3.79383e-11 
5256.2 2.91667e-11 2.91667e-11 2.91667e-11 
5763.36 2.24201e-11 2.24201e-11 2.24201e-11 
6319.46 1.72318e-11 1.72318e-11 1.72318e-11 
6929.22 1.32425e-11 1.32425e-11 1.32425e-11 
7597.8 1.01754e-11 1.01754e-11 1.01754e-11 
8330.9 7.81778e-12 7.81778e-12 7.81778e-12 
9134.74 6.00564e-12 6.00564e-12 6.00564e-12 
10016.1 4.613e-12 4.613e-12 4.613e-12 
10982.6 3.54288e-12 3.54288e-12 3.54288e-12 
12042.3 2.72068e-12 2.72068e-12 2.72068e-12 
13204.2 2.08905e-12 2.08905e-12 2.08905e-12 
14478.3 1.60388e-12 1.60388e-12 1.60388e-12 
15875.2 1.23125e-12 1.23125e-12 1.23125e-12 
17407 9.45089e-13 9.45089e-13 9.45089e-13 
19086.6 7.25357e-13 7.25357e-13 7.25357e-13 
20928.2 5.56653e-13 5.56653e-13 5.56653e-13 
22947.5 4.27142e-13 4.27142e-13 4.27142e-13 
25161.7 3.27728e-13 3.27728e-13 3.27728e-13 
27589.5 2.51427e-13 2.51427e-13 2.51427e-13 
30251.6 1.9287e-13 1.9287e-13 1.9287e-13 
33170.5 1.47937e-13 1.47937e-13 1.47937e-13 
36371.1 1.1346e-13 1.1346e-13 1.1346e-13 
39880.5 8.70102e-14 8.70102e-14 8.70102e-14 
43728.4 6.67198e-14 6.67198e-14 6.67198e-14 
47947.7 5.11562e-14 5.11562e-14 5.11562e-14 
52574.1 3.92195e-14 3.92195e-14 3.92195e-14 
57646.9 3.00653e-14 3.00653e-14 3.00653e-14 
63209.2 2.30457e-14 2.30457e-14 2.30457e-14 
69308.1 1.76635e-14 1.76635e-14 1.76635e-14 
75995.5 1.35371e-14 1.35371e-14 1.35371e-14 
83328.2 1.03737e-14 1.03737e-14 1.03737e-14 
91368.4 7.9489e-15 7.9489e-15 7.9489e-15 
