0.001 0.0114423 0.0114423 0.0114423 
0.00109649 0.0124469 0.0124469 0.0124469 
0.00120229 0.013529 0.013529 0.013529 
0.00131829 0.0146919 0.0146919 0.0146919 
0.00144549 0.0159384 0.0159384 0.0159384 
0.00158497 0.0172707 0.0172707 0.0172707 
0.0017379 0.0186902 0.0186902 0.0186902 
0.00190558 0.0201971 0.0201971 0.0201971 
0.00208945 0.0217906 0.0217906 0.0217906 
0.00229106 0.0234681 0.0234681 0.0234681 
0.00251212 0.0252256 0.0252256 0.0252256 
0.00275451 0.0270568 0.0270568 0.0270568 
0.00302029 0.0289537 0.0289537 0.0289537 
0.00331171 0.0309056 0.0309056 0.0309056 
0.00363125 0.0328994 0.0328994 0.0328994 
0.00398162 0.0349195 0.0349195 0.0349195 
0.0043658 0.0369474 0.0369474 0.0369474 
0.00478705 0.0389615 0.0389615 0.0389615 
0.00524894 0.0409374 0.0409374 0.0409374 
0.00575541 0.0428468 0.0428468 0.0428468 
0.00631074 0.0446577 0.0446577 0.0446577 
0.00691965 0.0463336 0.0463336 0.0463336 
0.00758731 0.0478323 0.0478323 0.0478323 
0.0083194 0.0491055 0.0491055 0.0491055 
0.00912212 0.0500984 0.0500984 0.0500984 
0.0100023 0.0507501 0.0507501 0.0507501 
0.0109674 0.0509986 0.0509986 0.0509986 
0.0120256 0.0507889 0.0507889 0.0507889 
0.013186 0.050087 0.050087 0.050087 
0.0144583 0.0488952 0.0488952 0.0488952 
0.0158533 0.0472609 0.0472609 0.0472609 
0.017383 0.0452713 0.0452713 0.0452713 
0.0190602 0.0430335 0.0430335 0.0430335 
0.0208993 0.0406487 0.0406487 0.0406487 
0.0229159 0.0381948 0.0381948 0.0381948 
0.025127 0.0357216 0.0357216 0.0357216 
0.0275514 0.0332572 0.0332572 0.0332572 
0.0302098 0.0308171 0.0308171 0.0308171 
0.0331247 0.0284123 0.0284123 0.0284123 
0.0363209 0.0260539 0.0260539 0.0260539 
0.0398254 0.023755 0.023755 0.023755 
0.0436681 0.0215301 0.0215301 0.0215301 
0.0478815 0.0193948 0.0193948 0.0193948 
0.0525015 0.0173636 0.0173636 0.0173636 
0.0575673 0.0154498 0.0154498 0.0154498 
0.0631219 0.0136637 0.0136637 0.0136637 
0.0692124 0.0120125 0.0120125 0.0120125 
0.0758906 0.0105002 0.0105002 0.0105002 
0.0832132 0.00912765 0.00912765 0.00912765 
0.0912423 0.00789252 0.00789252 0.00789252 
0.100046 0.00679014 0.00679014 0.00679014 
0.109699 0.00581383 0.00581383 0.00581383 
0.120284 0.00495542 0.00495542 0.00495542 
0.13189 0.00420577 0.00420577 0.00420577 
0.144616 0.00355522 0.00355522 0.00355522 
0.15857 0.00299398 0.00299398 0.00299398 
0.17387 0.0025124 0.0025124 0.0025124 
0.190646 0.00210127 0.00210127 0.00210127 
0.209041 0.00175191 0.00175191 0.00175191 
0.229211 0.00145631 0.00145631 0.00145631 
0.251328 0.00120722 0.00120722 0.00120722 
0.275578 0.000998081 0.000998081 0.000998081 
0.302168 0.000823107 0.000823107 0.000823107 
0.331323 0.000677188 0.000677188 0.000677188 
0.363292 0.000555869 0.000555869 0.000555869 
0.398346 0.000455291 0.000455291 0.000455291 
0.436781 0.000372134 0.000372134 0.000372134 
0.478926 0.000303556 0.000303556 0.000303556 
0.525136 0.000247138 0.000247138 0.000247138 
0.575806 0.000200832 0.000200832 0.000200832 
0.631364 0.00016291 0.00016291 0.00016291 
0.692284 0.00013192 0.00013192 0.00013192 
0.759081 0.000106646 0.000106646 0.000106646 
0.832323 8.6075e-05 8.6075e-05 8.6075e-05 
0.912633 6.93631e-05 6.93631e-05 6.93631e-05 
1.00069 5.58111e-05 5.58111e-05 5.58111e-05 
1.09725 4.4841e-05 4.4841e-05 4.4841e-05 
1.20312 3.5976e-05 3.5976e-05 3.5976e-05 
1.3192 2.8824e-05 2.8824e-05 2.8824e-05 
1.44649 2.3063e-05 2.3063e-05 2.3063e-05 
1.58606 1.84298e-05 1.84298e-05 1.84298e-05 
1.7391 1.4709e-05 1.4709e-05 1.4709e-05 
1.9069 1.17252e-05 1.17252e-05 1.17252e-05 
2.09089 9.33585e-06 9.33585e-06 9.33585e-06 
2.29264 7.42502e-06 7.42502e-06 7.42502e-06 
2.51385 5.89885e-06 5.89885e-06 5.89885e-06 
2.75641 4.68145e-06 4.68145e-06 4.68145e-06 
3.02237 3.71151e-06 3.71151e-06 3.71151e-06 
3.314 2.93964e-06 2.93964e-06 2.93964e-06 
3.63376 2.32608e-06 2.32608e-06 2.32608e-06 
3.98437 1.83889e-06 1.83889e-06 1.83889e-06 
4.36882 1.45244e-06 1.45244e-06 1.45244e-06 
4.79036 1.14623e-06 1.14623e-06 1.14623e-06 
5.25257 9.0382e-07 9.0382e-07 9.0382e-07 
5.75938 7.12105e-07 7.12105e-07 7.12105e-07 
6.3151 5.60621e-07 5.60621e-07 5.60621e-07 
6.92443 4.4103e-07 4.4103e-07 4.4103e-07 
7.59256 3.46698e-07 3.46698e-07 3.46698e-07 
8.32515 2.72351e-07 2.72351e-07 2.72351e-07 
9.12843 2.13802e-07 2.13802e-07 2.13802e-07 
10.0092 1.67729e-07 1.67729e-07 1.67729e-07 
10.975 1.31501e-07 1.31501e-07 1.31501e-07 
12.0339 1.03034e-07 1.03034e-07 1.03034e-07 
13.1951 8.06815e-08 8.06815e-08 8.06815e-08 
14.4683 6.31415e-08 6.31415e-08 6.31415e-08 
15.8643 4.93869e-08 4.93869e-08 4.93869e-08 
17.395 3.86076e-08 3.86076e-08 3.86076e-08 
19.0734 3.01651e-08 3.01651e-08 3.01651e-08 
20.9138 2.35566e-08 2.35566e-08 2.35566e-08 
22.9317 1.83868e-08 1.83868e-08 1.83868e-08 
25.1443 1.43446e-08 1.43446e-08 1.43446e-08 
27.5705 1.11859e-08 1.11859e-08 1.11859e-08 
30.2307 8.71872e-09 8.71872e-09 8.71872e-09 
33.1476 6.79271e-09 6.79271e-09 6.79271e-09 
36.346 5.2899e-09 5.2899e-09 5.2899e-09 
39.8529 4.11784e-09 4.11784e-09 4.11784e-09 
43.6983 3.20417e-09 3.20417e-09 3.20417e-09 
47.9146 2.49224e-09 2.49224e-09 2.49224e-09 
52.5378 1.93775e-09 1.93775e-09 1.93775e-09 
57.6071 1.50606e-09 1.50606e-09 1.50606e-09 
63.1655 1.17012e-09 1.17012e-09 1.17012e-09 
69.2602 9.08785e-10 9.08785e-10 9.08785e-10 
75.9431 7.05574e-10 7.05574e-10 7.05574e-10 
83.2707 5.47619e-10 5.47619e-10 5.47619e-10 
91.3053 4.24884e-10 4.24884e-10 4.24884e-10 
100.115 3.29552e-10 3.29552e-10 3.29552e-10 
109.775 2.5553e-10 2.5553e-10 2.5553e-10 
120.367 1.98073e-10 1.98073e-10 1.98073e-10 
131.981 1.53491e-10 1.53491e-10 1.53491e-10 
144.716 1.18908e-10 1.18908e-10 1.18908e-10 
158.679 9.2091e-11 9.2091e-11 9.2091e-11 
173.99 7.13021e-11 7.13021e-11 7.13021e-11 
190.778 5.51912e-11 5.51912e-11 5.51912e-11 
209.186 4.27093e-11 4.27093e-11 4.27093e-11 
229.37 3.30418e-11 3.30418e-11 3.30418e-11 
251.501 2.5556e-11 2.5556e-11 2.5556e-11 
275.768 1.97613e-11 1.97613e-11 1.97613e-11 
302.377 1.52769e-11 1.52769e-11 1.52769e-11 
331.552 1.18072e-11 1.18072e-11 1.18072e-11 
363.543 9.12353e-12 9.12353e-12 9.12353e-12 
398.621 7.0482e-12 7.0482e-12 7.0482e-12 
437.083 5.44374e-12 5.44374e-12 5.44374e-12 
479.257 4.2036e-12 4.2036e-12 4.2036e-12 
525.499 3.24529e-12 3.24529e-12 3.24529e-12 
576.204 2.50492e-12 2.50492e-12 2.50492e-12 
631.801 1.93307e-12 1.93307e-12 1.93307e-12 
692.762 1.49146e-12 1.49146e-12 1.49146e-12 
759.605 1.15051e-12 1.15051e-12 1.15051e-12 
832.898 8.87335e-13 8.87335e-13 8.87335e-13 
913.263 6.84229e-13 6.84229e-13 6.84229e-13 
1001.38 5.27515e-13 5.27515e-13 5.27515e-13 
1098 4.0662e-13 4.0662e-13 4.0662e-13 
1203.95 3.13376e-13 3.13376e-13 3.13376e-13 
1320.12 2.41472e-13 2.41472e-13 2.41472e-13 
1447.49 1.86034e-13 1.86034e-13 1.86034e-13 
1587.16 1.433e-13 1.433e-13 1.433e-13 
1740.3 1.10363e-13 1.10363e-13 1.10363e-13 
1908.22 8.49836e-14 8.49836e-14 8.49836e-14 
2092.34 6.54298e-14 6.54298e-14 6.54298e-14 
2294.23 5.03672e-14 5.03672e-14 5.03672e-14 
2515.59 3.87662e-14 3.87662e-14 3.87662e-14 
2758.32 2.98327e-14 2.98327e-14 2.98327e-14 
3024.46 2.29545e-14 2.29545e-14 2.29545e-14 
3316.29 1.76595e-14 1.76595e-14 1.76595e-14 
3636.27 1.3584e-14 1.3584e-14 1.3584e-14 
3987.13 1.04475e-14 1.04475e-14 1.04475e-14 
4371.84 8.03415e-15 8.03415e-15 8.03415e-15 
4793.67 6.17741e-15 6.17741e-15 6.17741e-15 
5256.2 4.74914e-15 4.74914e-15 4.74914e-15 
5763.36 3.65061e-15 3.65061e-15 3.65061e-15 
6319.46 2.80582e-15 2.80582e-15 2.80582e-15 
6929.22 2.15625e-15 2.15625e-15 2.15625e-15 
7597.8 1.65685e-15 1.65685e-15 1.65685e-15 
8330.9 1.27295e-15 1.27295e-15 1.27295e-15 
9134.74 9.77886e-16 9.77886e-16 9.77886e-16 
10016.1 7.51125e-16 7.51125e-16 7.51125e-16 
10982.6 5.76879e-16 5.76879e-16 5.76879e-16 
12042.3 4.43003e-16 4.43003e-16 4.43003e-16 
13204.2 3.40156e-16 3.40156e-16 3.40156e-16 
14478.3 2.61157e-16 2.61157e-16 2.61157e-16 
15875.2 2.00482e-16 2.00482e-16 2.00482e-16 
17407 1.53887e-16 1.53887e-16 1.53887e-16 
19086.6 1.18108e-16 1.18108e-16 1.18108e-16 
20928.2 9.06386e-17 9.06386e-17 9.06386e-17 
22947.5 6.95505e-17 6.95505e-17 6.95505e-17 
25161.7 5.33633e-17 5.33633e-17 5.33633e-17 
27589.5 4.09393e-17 4.09393e-17 4.09393e-17 
30251.6 3.14046e-17 3.14046e-17 3.14046e-17 
33170.5 2.40882e-17 2.40882e-17 2.40882e-17 
36371.1 1.84745e-17 1.84745e-17 1.84745e-17 
39880.5 1.41677e-17 1.41677e-17 1.41677e-17 
43728.4 1.08638e-17 1.08638e-17 1.08638e-17 
47947.7 8.32966e-18 8.32966e-18 8.32966e-18 
52574.1 6.38603e-18 6.38603e-18 6.38603e-18 
57646.9 4.89547e-18 4.89547e-18 4.89547e-18 
63209.2 3.75249e-18 3.75249e-18 3.75249e-18 
69308.1 2.87611e-18 2.87611e-18 2.87611e-18 
75995.5 2.20421e-18 2.20421e-18 2.20421e-18 
83328.2 1.68913e-18 1.68913e-18 1.68913e-18 
91368.4 1.2943e-18 1.2943e-18 1.2943e-18 
